c:\users\kai\desktop\project\dimension\dimension\debug\vc120.pdb
c:\users\kai\desktop\project\dimension\dimension\debug\vc120.idb
c:\users\kai\desktop\project\dimension\dimension\debug\directionallight.obj
c:\users\kai\desktop\project\dimension\dimension\debug\material.obj
c:\users\kai\desktop\project\dimension\dimension\debug\mesh.obj
c:\users\kai\desktop\project\dimension\dimension\debug\phongshader.obj
c:\users\kai\desktop\project\dimension\dimension\debug\pointlight.obj
c:\users\kai\desktop\project\dimension\dimension\debug\shader.obj
c:\users\kai\desktop\project\dimension\dimension\debug\spotlight.obj
c:\users\kai\desktop\project\dimension\dimension\debug\texture.obj
c:\users\kai\desktop\project\dimension\dimension\debug\transform.obj
c:\users\kai\desktop\project\dimension\dimension\debug\mat4.obj
c:\users\kai\desktop\project\dimension\dimension\debug\quaternion.obj
c:\users\kai\desktop\project\dimension\dimension\debug\vec2.obj
c:\users\kai\desktop\project\dimension\dimension\debug\vec3.obj
c:\users\kai\desktop\project\dimension\dimension\debug\vec4.obj
c:\users\kai\desktop\project\dimension\dimension\debug\meshloader.obj
c:\users\kai\desktop\project\dimension\dimension\debug\game.obj
c:\users\kai\desktop\project\dimension\dimension\debug\ignition.obj
c:\users\kai\desktop\project\dimension\dimension\debug\imageloader.obj
c:\users\kai\desktop\project\dimension\dimension\debug\textloader.obj
c:\users\kai\desktop\project\dimension\dimension\debug\timer.obj
c:\users\kai\desktop\project\dimension\dimension\debug\attenuation.obj
c:\users\kai\desktop\project\dimension\dimension\debug\core.obj
c:\users\kai\desktop\project\dimension\dimension\debug\input.obj
c:\users\kai\desktop\project\dimension\dimension\debug\screenmanager.obj
c:\users\kai\desktop\project\dimension\dimension\debug\baselight.obj
c:\users\kai\desktop\project\dimension\dimension\debug\basicshader.obj
c:\users\kai\desktop\project\dimension\dimension\debug\camera.obj
c:\users\kai\desktop\project\dimension\debug\dimension.ilk
c:\users\kai\desktop\project\dimension\debug\dimension.exe
c:\users\kai\desktop\project\dimension\debug\dimension.pdb
c:\users\kai\desktop\project\dimension\dimension\debug\dimension.tlog\cl.command.1.tlog
c:\users\kai\desktop\project\dimension\dimension\debug\dimension.tlog\cl.read.1.tlog
c:\users\kai\desktop\project\dimension\dimension\debug\dimension.tlog\cl.write.1.tlog
c:\users\kai\desktop\project\dimension\dimension\debug\dimension.tlog\link.command.1.tlog
c:\users\kai\desktop\project\dimension\dimension\debug\dimension.tlog\link.read.1.tlog
c:\users\kai\desktop\project\dimension\dimension\debug\dimension.tlog\link.write.1.tlog
