c:\users\kai\desktop\project\dimension\dimension\release\vc120.pdb
c:\users\kai\desktop\project\dimension\dimension\release\ignition.obj
c:\users\kai\desktop\project\dimension\dimension\release\game.obj
c:\users\kai\desktop\project\dimension\dimension\release\vec4.obj
c:\users\kai\desktop\project\dimension\dimension\release\vec3.obj
c:\users\kai\desktop\project\dimension\dimension\release\vec2.obj
c:\users\kai\desktop\project\dimension\dimension\release\quaternion.obj
c:\users\kai\desktop\project\dimension\dimension\release\mat4.obj
c:\users\kai\desktop\project\dimension\dimension\release\transform.obj
c:\users\kai\desktop\project\dimension\dimension\release\texture.obj
c:\users\kai\desktop\project\dimension\dimension\release\shader.obj
c:\users\kai\desktop\project\dimension\dimension\release\phongshader.obj
c:\users\kai\desktop\project\dimension\dimension\release\mesh.obj
c:\users\kai\desktop\project\dimension\dimension\release\material.obj
c:\users\kai\desktop\project\dimension\dimension\release\directionallight.obj
c:\users\kai\desktop\project\dimension\dimension\release\camera.obj
c:\users\kai\desktop\project\dimension\dimension\release\basicshader.obj
c:\users\kai\desktop\project\dimension\dimension\release\baselight.obj
c:\users\kai\desktop\project\dimension\dimension\release\screenmanager.obj
c:\users\kai\desktop\project\dimension\dimension\release\input.obj
c:\users\kai\desktop\project\dimension\dimension\release\core.obj
c:\users\kai\desktop\project\dimension\dimension\release\timer.obj
c:\users\kai\desktop\project\dimension\dimension\release\textloader.obj
c:\users\kai\desktop\project\dimension\dimension\release\imageloader.obj
c:\users\kai\desktop\project\dimension\release\dimension.exe
c:\users\kai\desktop\project\dimension\release\dimension.pdb
c:\users\kai\desktop\project\dimension\dimension\release\dimension.tlog\cl.command.1.tlog
c:\users\kai\desktop\project\dimension\dimension\release\dimension.tlog\cl.read.1.tlog
c:\users\kai\desktop\project\dimension\dimension\release\dimension.tlog\cl.write.1.tlog
c:\users\kai\desktop\project\dimension\dimension\release\dimension.tlog\link.command.1.tlog
c:\users\kai\desktop\project\dimension\dimension\release\dimension.tlog\link.read.1.tlog
c:\users\kai\desktop\project\dimension\dimension\release\dimension.tlog\link.write.1.tlog
